CRITICAL - 2024-02-29 05:49:54 --> Invalid file: header.php
#0 C:\xampp\htdocs\apaantu\system\View\View.php(198): CodeIgniter\Exceptions\FrameworkException::forInvalidFile('header.php')
#1 C:\xampp\htdocs\apaantu\system\Common.php(1089): CodeIgniter\View\View->render('header', Array, true)
#2 C:\xampp\htdocs\apaantu\app\Controllers\Home.php(9): view('header')
#3 C:\xampp\htdocs\apaantu\system\CodeIgniter.php(832): App\Controllers\Home->index()
#4 C:\xampp\htdocs\apaantu\system\CodeIgniter.php(419): CodeIgniter\CodeIgniter->runController(Object(App\Controllers\Home))
#5 C:\xampp\htdocs\apaantu\system\CodeIgniter.php(326): CodeIgniter\CodeIgniter->handleRequest(NULL, Object(Config\Cache), false)
#6 C:\xampp\htdocs\apaantu\public\index.php(37): CodeIgniter\CodeIgniter->run()
#7 C:\xampp\htdocs\apaantu\system\Commands\Server\rewrite.php(43): require_once('C:\\xampp\\htdocs...')
#8 {main}
CRITICAL - 2024-02-29 05:51:04 --> Invalid file: header.php
#0 C:\xampp\htdocs\apaantu\system\View\View.php(198): CodeIgniter\Exceptions\FrameworkException::forInvalidFile('header.php')
#1 C:\xampp\htdocs\apaantu\system\Common.php(1089): CodeIgniter\View\View->render('header', Array, true)
#2 C:\xampp\htdocs\apaantu\app\Controllers\Home.php(9): view('header')
#3 C:\xampp\htdocs\apaantu\system\CodeIgniter.php(832): App\Controllers\Home->index()
#4 C:\xampp\htdocs\apaantu\system\CodeIgniter.php(419): CodeIgniter\CodeIgniter->runController(Object(App\Controllers\Home))
#5 C:\xampp\htdocs\apaantu\system\CodeIgniter.php(326): CodeIgniter\CodeIgniter->handleRequest(NULL, Object(Config\Cache), false)
#6 C:\xampp\htdocs\apaantu\public\index.php(37): CodeIgniter\CodeIgniter->run()
#7 C:\xampp\htdocs\apaantu\system\Commands\Server\rewrite.php(43): require_once('C:\\xampp\\htdocs...')
#8 {main}
CRITICAL - 2024-02-29 05:53:44 --> Invalid file: partiasl/footer.php
#0 C:\xampp\htdocs\apaantu\system\View\View.php(198): CodeIgniter\Exceptions\FrameworkException::forInvalidFile('partiasl/footer...')
#1 C:\xampp\htdocs\apaantu\system\Common.php(1089): CodeIgniter\View\View->render('partiasl/footer', Array, true)
#2 C:\xampp\htdocs\apaantu\app\Controllers\Home.php(11): view('partiasl/footer')
#3 C:\xampp\htdocs\apaantu\system\CodeIgniter.php(832): App\Controllers\Home->index()
#4 C:\xampp\htdocs\apaantu\system\CodeIgniter.php(419): CodeIgniter\CodeIgniter->runController(Object(App\Controllers\Home))
#5 C:\xampp\htdocs\apaantu\system\CodeIgniter.php(326): CodeIgniter\CodeIgniter->handleRequest(NULL, Object(Config\Cache), false)
#6 C:\xampp\htdocs\apaantu\public\index.php(37): CodeIgniter\CodeIgniter->run()
#7 C:\xampp\htdocs\apaantu\system\Commands\Server\rewrite.php(43): require_once('C:\\xampp\\htdocs...')
#8 {main}
CRITICAL - 2024-02-29 20:17:28 --> Invalid argument supplied for foreach()
#0 C:\xampp\htdocs\apaantu\app\Views\login\dashboard.php(27): CodeIgniter\Debug\Exceptions->errorHandler(2, 'Invalid argumen...', 'C:\\xampp\\htdocs...', 27, Array)
#1 C:\xampp\htdocs\apaantu\system\View\View.php(210): include('C:\\xampp\\htdocs...')
#2 C:\xampp\htdocs\apaantu\system\View\View.php(213): CodeIgniter\View\View->CodeIgniter\View\{closure}()
#3 C:\xampp\htdocs\apaantu\system\Common.php(1089): CodeIgniter\View\View->render('login/dashboard', Array, true)
#4 C:\xampp\htdocs\apaantu\app\Controllers\Dashboard.php(22): view('login/dashboard', Array)
#5 C:\xampp\htdocs\apaantu\system\CodeIgniter.php(832): App\Controllers\Dashboard->index()
#6 C:\xampp\htdocs\apaantu\system\CodeIgniter.php(419): CodeIgniter\CodeIgniter->runController(Object(App\Controllers\Dashboard))
#7 C:\xampp\htdocs\apaantu\system\CodeIgniter.php(326): CodeIgniter\CodeIgniter->handleRequest(NULL, Object(Config\Cache), false)
#8 C:\xampp\htdocs\apaantu\public\index.php(37): CodeIgniter\CodeIgniter->run()
#9 C:\xampp\htdocs\apaantu\system\Commands\Server\rewrite.php(43): require_once('C:\\xampp\\htdocs...')
#10 {main}
CRITICAL - 2024-02-29 20:17:31 --> Invalid argument supplied for foreach()
#0 C:\xampp\htdocs\apaantu\app\Views\login\dashboard.php(27): CodeIgniter\Debug\Exceptions->errorHandler(2, 'Invalid argumen...', 'C:\\xampp\\htdocs...', 27, Array)
#1 C:\xampp\htdocs\apaantu\system\View\View.php(210): include('C:\\xampp\\htdocs...')
#2 C:\xampp\htdocs\apaantu\system\View\View.php(213): CodeIgniter\View\View->CodeIgniter\View\{closure}()
#3 C:\xampp\htdocs\apaantu\system\Common.php(1089): CodeIgniter\View\View->render('login/dashboard', Array, true)
#4 C:\xampp\htdocs\apaantu\app\Controllers\Dashboard.php(22): view('login/dashboard', Array)
#5 C:\xampp\htdocs\apaantu\system\CodeIgniter.php(832): App\Controllers\Dashboard->index()
#6 C:\xampp\htdocs\apaantu\system\CodeIgniter.php(419): CodeIgniter\CodeIgniter->runController(Object(App\Controllers\Dashboard))
#7 C:\xampp\htdocs\apaantu\system\CodeIgniter.php(326): CodeIgniter\CodeIgniter->handleRequest(NULL, Object(Config\Cache), false)
#8 C:\xampp\htdocs\apaantu\public\index.php(37): CodeIgniter\CodeIgniter->run()
#9 C:\xampp\htdocs\apaantu\system\Commands\Server\rewrite.php(43): require_once('C:\\xampp\\htdocs...')
#10 {main}
CRITICAL - 2024-02-29 20:49:44 --> Invalid argument supplied for foreach()
#0 C:\xampp\htdocs\apaantu\app\Views\user\tambah.php(41): CodeIgniter\Debug\Exceptions->errorHandler(2, 'Invalid argumen...', 'C:\\xampp\\htdocs...', 41, Array)
#1 C:\xampp\htdocs\apaantu\system\View\View.php(210): include('C:\\xampp\\htdocs...')
#2 C:\xampp\htdocs\apaantu\system\View\View.php(213): CodeIgniter\View\View->CodeIgniter\View\{closure}()
#3 C:\xampp\htdocs\apaantu\system\Common.php(1089): CodeIgniter\View\View->render('user/tambah', Array, true)
#4 C:\xampp\htdocs\apaantu\app\Controllers\User.php(65): view('user/tambah', Array)
#5 C:\xampp\htdocs\apaantu\system\CodeIgniter.php(832): App\Controllers\User->tambah()
#6 C:\xampp\htdocs\apaantu\system\CodeIgniter.php(419): CodeIgniter\CodeIgniter->runController(Object(App\Controllers\User))
#7 C:\xampp\htdocs\apaantu\system\CodeIgniter.php(326): CodeIgniter\CodeIgniter->handleRequest(NULL, Object(Config\Cache), false)
#8 C:\xampp\htdocs\apaantu\public\index.php(37): CodeIgniter\CodeIgniter->run()
#9 C:\xampp\htdocs\apaantu\system\Commands\Server\rewrite.php(43): require_once('C:\\xampp\\htdocs...')
#10 {main}
CRITICAL - 2024-02-29 21:10:15 --> syntax error, unexpected end of file, expecting elseif (T_ELSEIF) or else (T_ELSE) or endif (T_ENDIF)
#0 C:\xampp\htdocs\apaantu\system\View\View.php(213): CodeIgniter\View\View->CodeIgniter\View\{closure}()
#1 C:\xampp\htdocs\apaantu\system\Common.php(1089): CodeIgniter\View\View->render('user/edit', Array, true)
#2 C:\xampp\htdocs\apaantu\app\Controllers\User.php(103): view('user/edit', Array)
#3 C:\xampp\htdocs\apaantu\system\CodeIgniter.php(832): App\Controllers\User->edit('9')
#4 C:\xampp\htdocs\apaantu\system\CodeIgniter.php(419): CodeIgniter\CodeIgniter->runController(Object(App\Controllers\User))
#5 C:\xampp\htdocs\apaantu\system\CodeIgniter.php(326): CodeIgniter\CodeIgniter->handleRequest(NULL, Object(Config\Cache), false)
#6 C:\xampp\htdocs\apaantu\public\index.php(37): CodeIgniter\CodeIgniter->run()
#7 C:\xampp\htdocs\apaantu\system\Commands\Server\rewrite.php(43): require_once('C:\\xampp\\htdocs...')
#8 {main}
CRITICAL - 2024-02-29 21:23:32 --> Cannot use object of type stdClass as array
#0 C:\xampp\htdocs\apaantu\system\View\View.php(210): include()
#1 C:\xampp\htdocs\apaantu\system\View\View.php(213): CodeIgniter\View\View->CodeIgniter\View\{closure}()
#2 C:\xampp\htdocs\apaantu\system\Common.php(1089): CodeIgniter\View\View->render('kategori/edit', Array, true)
#3 C:\xampp\htdocs\apaantu\app\Controllers\kategori.php(72): view('kategori/edit', Array)
#4 C:\xampp\htdocs\apaantu\system\CodeIgniter.php(832): App\Controllers\kategori->edit('4')
#5 C:\xampp\htdocs\apaantu\system\CodeIgniter.php(419): CodeIgniter\CodeIgniter->runController(Object(App\Controllers\kategori))
#6 C:\xampp\htdocs\apaantu\system\CodeIgniter.php(326): CodeIgniter\CodeIgniter->handleRequest(NULL, Object(Config\Cache), false)
#7 C:\xampp\htdocs\apaantu\public\index.php(37): CodeIgniter\CodeIgniter->run()
#8 C:\xampp\htdocs\apaantu\system\Commands\Server\rewrite.php(43): require_once('C:\\xampp\\htdocs...')
#9 {main}
CRITICAL - 2024-02-29 21:24:48 --> Cannot use object of type stdClass as array
#0 C:\xampp\htdocs\apaantu\system\View\View.php(210): include()
#1 C:\xampp\htdocs\apaantu\system\View\View.php(213): CodeIgniter\View\View->CodeIgniter\View\{closure}()
#2 C:\xampp\htdocs\apaantu\system\Common.php(1089): CodeIgniter\View\View->render('kategori/edit', Array, true)
#3 C:\xampp\htdocs\apaantu\app\Controllers\kategori.php(72): view('kategori/edit', Array)
#4 C:\xampp\htdocs\apaantu\system\CodeIgniter.php(832): App\Controllers\kategori->edit('4')
#5 C:\xampp\htdocs\apaantu\system\CodeIgniter.php(419): CodeIgniter\CodeIgniter->runController(Object(App\Controllers\kategori))
#6 C:\xampp\htdocs\apaantu\system\CodeIgniter.php(326): CodeIgniter\CodeIgniter->handleRequest(NULL, Object(Config\Cache), false)
#7 C:\xampp\htdocs\apaantu\public\index.php(37): CodeIgniter\CodeIgniter->run()
#8 C:\xampp\htdocs\apaantu\system\Commands\Server\rewrite.php(43): require_once('C:\\xampp\\htdocs...')
#9 {main}
CRITICAL - 2024-02-29 22:03:49 --> Invalid file: header.php
#0 C:\xampp\htdocs\apaantu\system\View\View.php(198): CodeIgniter\Exceptions\FrameworkException::forInvalidFile('header.php')
#1 C:\xampp\htdocs\apaantu\system\Common.php(1089): CodeIgniter\View\View->render('header', Array, true)
#2 C:\xampp\htdocs\apaantu\app\Controllers\Home.php(9): view('header')
#3 C:\xampp\htdocs\apaantu\system\CodeIgniter.php(832): App\Controllers\Home->index()
#4 C:\xampp\htdocs\apaantu\system\CodeIgniter.php(419): CodeIgniter\CodeIgniter->runController(Object(App\Controllers\Home))
#5 C:\xampp\htdocs\apaantu\system\CodeIgniter.php(326): CodeIgniter\CodeIgniter->handleRequest(NULL, Object(Config\Cache), false)
#6 C:\xampp\htdocs\apaantu\public\index.php(37): CodeIgniter\CodeIgniter->run()
#7 C:\xampp\htdocs\apaantu\system\Commands\Server\rewrite.php(43): require_once('C:\\xampp\\htdocs...')
#8 {main}
CRITICAL - 2024-02-29 22:39:02 --> Invalid file: header.php
#0 C:\xampp\htdocs\apaantu\system\View\View.php(198): CodeIgniter\Exceptions\FrameworkException::forInvalidFile('header.php')
#1 C:\xampp\htdocs\apaantu\system\Common.php(1089): CodeIgniter\View\View->render('header', Array, true)
#2 C:\xampp\htdocs\apaantu\app\Controllers\Home.php(9): view('header')
#3 C:\xampp\htdocs\apaantu\system\CodeIgniter.php(832): App\Controllers\Home->index()
#4 C:\xampp\htdocs\apaantu\system\CodeIgniter.php(419): CodeIgniter\CodeIgniter->runController(Object(App\Controllers\Home))
#5 C:\xampp\htdocs\apaantu\system\CodeIgniter.php(326): CodeIgniter\CodeIgniter->handleRequest(NULL, Object(Config\Cache), false)
#6 C:\xampp\htdocs\apaantu\public\index.php(37): CodeIgniter\CodeIgniter->run()
#7 C:\xampp\htdocs\apaantu\system\Commands\Server\rewrite.php(43): require_once('C:\\xampp\\htdocs...')
#8 {main}
CRITICAL - 2024-02-29 22:39:38 --> Invalid file: header.php
#0 C:\xampp\htdocs\apaantu\system\View\View.php(198): CodeIgniter\Exceptions\FrameworkException::forInvalidFile('header.php')
#1 C:\xampp\htdocs\apaantu\system\Common.php(1089): CodeIgniter\View\View->render('header', Array, true)
#2 C:\xampp\htdocs\apaantu\app\Controllers\Home.php(9): view('header')
#3 C:\xampp\htdocs\apaantu\system\CodeIgniter.php(832): App\Controllers\Home->index()
#4 C:\xampp\htdocs\apaantu\system\CodeIgniter.php(419): CodeIgniter\CodeIgniter->runController(Object(App\Controllers\Home))
#5 C:\xampp\htdocs\apaantu\system\CodeIgniter.php(326): CodeIgniter\CodeIgniter->handleRequest(NULL, Object(Config\Cache), false)
#6 C:\xampp\htdocs\apaantu\public\index.php(37): CodeIgniter\CodeIgniter->run()
#7 C:\xampp\htdocs\apaantu\system\Commands\Server\rewrite.php(43): require_once('C:\\xampp\\htdocs...')
#8 {main}
CRITICAL - 2024-02-29 22:39:51 --> Invalid file: header.php
#0 C:\xampp\htdocs\apaantu\system\View\View.php(198): CodeIgniter\Exceptions\FrameworkException::forInvalidFile('header.php')
#1 C:\xampp\htdocs\apaantu\system\Common.php(1089): CodeIgniter\View\View->render('header', Array, true)
#2 C:\xampp\htdocs\apaantu\app\Controllers\Home.php(9): view('header')
#3 C:\xampp\htdocs\apaantu\system\CodeIgniter.php(832): App\Controllers\Home->index()
#4 C:\xampp\htdocs\apaantu\system\CodeIgniter.php(419): CodeIgniter\CodeIgniter->runController(Object(App\Controllers\Home))
#5 C:\xampp\htdocs\apaantu\system\CodeIgniter.php(326): CodeIgniter\CodeIgniter->handleRequest(NULL, Object(Config\Cache), false)
#6 C:\xampp\htdocs\apaantu\public\index.php(37): CodeIgniter\CodeIgniter->run()
#7 C:\xampp\htdocs\apaantu\system\Commands\Server\rewrite.php(43): require_once('C:\\xampp\\htdocs...')
#8 {main}
CRITICAL - 2024-02-29 22:42:11 --> Invalid file: header.php
#0 C:\xampp\htdocs\apaantu\system\View\View.php(198): CodeIgniter\Exceptions\FrameworkException::forInvalidFile('header.php')
#1 C:\xampp\htdocs\apaantu\system\Common.php(1089): CodeIgniter\View\View->render('header', Array, true)
#2 C:\xampp\htdocs\apaantu\app\Controllers\Home.php(9): view('header')
#3 C:\xampp\htdocs\apaantu\system\CodeIgniter.php(832): App\Controllers\Home->index()
#4 C:\xampp\htdocs\apaantu\system\CodeIgniter.php(419): CodeIgniter\CodeIgniter->runController(Object(App\Controllers\Home))
#5 C:\xampp\htdocs\apaantu\system\CodeIgniter.php(326): CodeIgniter\CodeIgniter->handleRequest(NULL, Object(Config\Cache), false)
#6 C:\xampp\htdocs\apaantu\public\index.php(37): CodeIgniter\CodeIgniter->run()
#7 C:\xampp\htdocs\apaantu\system\Commands\Server\rewrite.php(43): require_once('C:\\xampp\\htdocs...')
#8 {main}
CRITICAL - 2024-02-29 22:45:23 --> Invalid argument supplied for foreach()
#0 C:\xampp\htdocs\apaantu\app\Views\book\edit.php(74): CodeIgniter\Debug\Exceptions->errorHandler(2, 'Invalid argumen...', 'C:\\xampp\\htdocs...', 74, Array)
#1 C:\xampp\htdocs\apaantu\system\View\View.php(210): include('C:\\xampp\\htdocs...')
#2 C:\xampp\htdocs\apaantu\system\View\View.php(213): CodeIgniter\View\View->CodeIgniter\View\{closure}()
#3 C:\xampp\htdocs\apaantu\system\Common.php(1089): CodeIgniter\View\View->render('book/edit', Array, true)
#4 C:\xampp\htdocs\apaantu\app\Controllers\book.php(87): view('book/edit', Array)
#5 C:\xampp\htdocs\apaantu\system\CodeIgniter.php(832): App\Controllers\book->edit('7')
#6 C:\xampp\htdocs\apaantu\system\CodeIgniter.php(419): CodeIgniter\CodeIgniter->runController(Object(App\Controllers\book))
#7 C:\xampp\htdocs\apaantu\system\CodeIgniter.php(326): CodeIgniter\CodeIgniter->handleRequest(NULL, Object(Config\Cache), false)
#8 C:\xampp\htdocs\apaantu\public\index.php(37): CodeIgniter\CodeIgniter->run()
#9 C:\xampp\htdocs\apaantu\system\Commands\Server\rewrite.php(43): require_once('C:\\xampp\\htdocs...')
#10 {main}
CRITICAL - 2024-02-29 22:45:43 --> Invalid argument supplied for foreach()
#0 C:\xampp\htdocs\apaantu\app\Views\book\edit.php(74): CodeIgniter\Debug\Exceptions->errorHandler(2, 'Invalid argumen...', 'C:\\xampp\\htdocs...', 74, Array)
#1 C:\xampp\htdocs\apaantu\system\View\View.php(210): include('C:\\xampp\\htdocs...')
#2 C:\xampp\htdocs\apaantu\system\View\View.php(213): CodeIgniter\View\View->CodeIgniter\View\{closure}()
#3 C:\xampp\htdocs\apaantu\system\Common.php(1089): CodeIgniter\View\View->render('book/edit', Array, true)
#4 C:\xampp\htdocs\apaantu\app\Controllers\book.php(87): view('book/edit', Array)
#5 C:\xampp\htdocs\apaantu\system\CodeIgniter.php(832): App\Controllers\book->edit('7')
#6 C:\xampp\htdocs\apaantu\system\CodeIgniter.php(419): CodeIgniter\CodeIgniter->runController(Object(App\Controllers\book))
#7 C:\xampp\htdocs\apaantu\system\CodeIgniter.php(326): CodeIgniter\CodeIgniter->handleRequest(NULL, Object(Config\Cache), false)
#8 C:\xampp\htdocs\apaantu\public\index.php(37): CodeIgniter\CodeIgniter->run()
#9 C:\xampp\htdocs\apaantu\system\Commands\Server\rewrite.php(43): require_once('C:\\xampp\\htdocs...')
#10 {main}
