CRITICAL - 2024-03-01 01:11:58 --> Invalid file: header.php
#0 C:\xampp\htdocs\apaantu\system\View\View.php(198): CodeIgniter\Exceptions\FrameworkException::forInvalidFile('header.php')
#1 C:\xampp\htdocs\apaantu\system\Common.php(1089): CodeIgniter\View\View->render('header', Array, true)
#2 C:\xampp\htdocs\apaantu\app\Controllers\Home.php(9): view('header')
#3 C:\xampp\htdocs\apaantu\system\CodeIgniter.php(832): App\Controllers\Home->index()
#4 C:\xampp\htdocs\apaantu\system\CodeIgniter.php(419): CodeIgniter\CodeIgniter->runController(Object(App\Controllers\Home))
#5 C:\xampp\htdocs\apaantu\system\CodeIgniter.php(326): CodeIgniter\CodeIgniter->handleRequest(NULL, Object(Config\Cache), false)
#6 C:\xampp\htdocs\apaantu\public\index.php(37): CodeIgniter\CodeIgniter->run()
#7 C:\xampp\htdocs\apaantu\system\Commands\Server\rewrite.php(43): require_once('C:\\xampp\\htdocs...')
#8 {main}
CRITICAL - 2024-03-01 01:11:59 --> Invalid file: header.php
#0 C:\xampp\htdocs\apaantu\system\View\View.php(198): CodeIgniter\Exceptions\FrameworkException::forInvalidFile('header.php')
#1 C:\xampp\htdocs\apaantu\system\Common.php(1089): CodeIgniter\View\View->render('header', Array, true)
#2 C:\xampp\htdocs\apaantu\app\Controllers\Home.php(9): view('header')
#3 C:\xampp\htdocs\apaantu\system\CodeIgniter.php(832): App\Controllers\Home->index()
#4 C:\xampp\htdocs\apaantu\system\CodeIgniter.php(419): CodeIgniter\CodeIgniter->runController(Object(App\Controllers\Home))
#5 C:\xampp\htdocs\apaantu\system\CodeIgniter.php(326): CodeIgniter\CodeIgniter->handleRequest(NULL, Object(Config\Cache), false)
#6 C:\xampp\htdocs\apaantu\public\index.php(37): CodeIgniter\CodeIgniter->run()
#7 C:\xampp\htdocs\apaantu\system\Commands\Server\rewrite.php(43): require_once('C:\\xampp\\htdocs...')
#8 {main}
ERROR - 2024-03-01 01:14:26 --> Error connecting to the database: Unknown database 'apaantu'
CRITICAL - 2024-03-01 01:14:26 --> Unable to connect to the database.
Main connection [MySQLi]: Unknown database 'apaantu'
#0 C:\xampp\htdocs\apaantu\system\Database\BaseConnection.php(577): CodeIgniter\Database\BaseConnection->initialize()
#1 C:\xampp\htdocs\apaantu\system\Database\BaseBuilder.php(1588): CodeIgniter\Database\BaseConnection->query('SELECT *\nFROM `...', Array, false)
#2 C:\xampp\htdocs\apaantu\app\Models\M_model.php(193): CodeIgniter\Database\BaseBuilder->getWhere(Array)
#3 C:\xampp\htdocs\apaantu\app\Controllers\Login.php(37): App\Models\M_model->getWhere2('user', Array)
#4 C:\xampp\htdocs\apaantu\system\CodeIgniter.php(832): App\Controllers\Login->aksi_login()
#5 C:\xampp\htdocs\apaantu\system\CodeIgniter.php(419): CodeIgniter\CodeIgniter->runController(Object(App\Controllers\Login))
#6 C:\xampp\htdocs\apaantu\system\CodeIgniter.php(326): CodeIgniter\CodeIgniter->handleRequest(NULL, Object(Config\Cache), false)
#7 C:\xampp\htdocs\apaantu\public\index.php(37): CodeIgniter\CodeIgniter->run()
#8 C:\xampp\htdocs\apaantu\system\Commands\Server\rewrite.php(43): require_once('C:\\xampp\\htdocs...')
#9 {main}
